<?xml version="1.0" encoding="UTF-8"?>
<!-- Generated by org.testng.reporters.JUnitReportReporter -->
<testsuite hostname="LAPTOP-52RQKVEQ" failures="0" tests="1" name="Pom.banking.testcases.TC_Login_001" time="2.401" errors="0" timestamp="2021-02-22T16:23:52 EST" skipped="0">
  <testcase classname="Pom.banking.testcases.TC_Login_001" name="loginTest" time="2.401"/>
  <system-out/>
</testsuite> <!-- Pom.banking.testcases.TC_Login_001 -->
